A    ffmpeg-20071003/configure
A    ffmpeg-20071003/Doxyfile
A    ffmpeg-20071003/ffmpeg.c
A    ffmpeg-20071003/vhook
A    ffmpeg-20071003/vhook/imlib2.c
A    ffmpeg-20071003/vhook/drawtext.c
A    ffmpeg-20071003/vhook/fish.c
A    ffmpeg-20071003/vhook/null.c
A    ffmpeg-20071003/vhook/ppm.c
A    ffmpeg-20071003/vhook/watermark.c
A    ffmpeg-20071003/Changelog
A    ffmpeg-20071003/COPYING.GPL
A    ffmpeg-20071003/libavcodec
A    ffmpeg-20071003/libavcodec/dvbsubdec.c
A    ffmpeg-20071003/libavcodec/mjpeg.c
A    ffmpeg-20071003/libavcodec/dvdsub_parser.c
A    ffmpeg-20071003/libavcodec/dvdsubdec.c
A    ffmpeg-20071003/libavcodec/alpha
A    ffmpeg-20071003/libavcodec/alpha/regdef.h
A    ffmpeg-20071003/libavcodec/alpha/simple_idct_alpha.c
A    ffmpeg-20071003/libavcodec/alpha/mpegvideo_alpha.c
A    ffmpeg-20071003/libavcodec/alpha/asm.h
A    ffmpeg-20071003/libavcodec/alpha/motion_est_alpha.c
A    ffmpeg-20071003/libavcodec/alpha/dsputil_alpha.c
A    ffmpeg-20071003/libavcodec/alpha/dsputil_alpha_asm.S
A    ffmpeg-20071003/libavcodec/alpha/motion_est_mvi_asm.S
A    ffmpeg-20071003/libavcodec/mjpeg.h
A    ffmpeg-20071003/libavcodec/vp3data.h
A    ffmpeg-20071003/libavcodec/nuv.c
A    ffmpeg-20071003/libavcodec/cavsdec.c
A    ffmpeg-20071003/libavcodec/roqaudioenc.c
A    ffmpeg-20071003/libavcodec/vcr1.c
A    ffmpeg-20071003/libavcodec/libxvidff.c
A    ffmpeg-20071003/libavcodec/atrac3.c
A    ffmpeg-20071003/libavcodec/vqavideo.c
A    ffmpeg-20071003/libavcodec/indeo2.c
A    ffmpeg-20071003/libavcodec/libfaad.c
A    ffmpeg-20071003/libavcodec/ac3dec.c
A    ffmpeg-20071003/libavcodec/smacker.c
A    ffmpeg-20071003/libavcodec/aac_ac3_parser.c
A    ffmpeg-20071003/libavcodec/sparc
A    ffmpeg-20071003/libavcodec/sparc/dsputil_vis.c
A    ffmpeg-20071003/libavcodec/sparc/vis.h
A    ffmpeg-20071003/libavcodec/sparc/simple_idct_vis.c
A    ffmpeg-20071003/libavcodec/pnm.c
A    ffmpeg-20071003/libavcodec/cookdata.h
A    ffmpeg-20071003/libavcodec/cljr.c
A    ffmpeg-20071003/libavcodec/libvorbis.c
A    ffmpeg-20071003/libavcodec/aac_ac3_parser.h
A    ffmpeg-20071003/libavcodec/h264pred.c
A    ffmpeg-20071003/libavcodec/pnm.h
A    ffmpeg-20071003/libavcodec/qdm2data.h
A    ffmpeg-20071003/libavcodec/opt.c
A    ffmpeg-20071003/libavcodec/h264pred.h
A    ffmpeg-20071003/libavcodec/svq1_vlc.h
A    ffmpeg-20071003/libavcodec/opt.h
A    ffmpeg-20071003/libavcodec/i386
A    ffmpeg-20071003/libavcodec/i386/idct_mmx_xvid.c
A    ffmpeg-20071003/libavcodec/i386/mpegvideo_mmx.c
A    ffmpeg-20071003/libavcodec/i386/vp3dsp_mmx.c
A    ffmpeg-20071003/libavcodec/i386/fdct_mmx.c
A    ffmpeg-20071003/libavcodec/i386/motion_est_mmx.c
A    ffmpeg-20071003/libavcodec/i386/dsputil_h264_template_mmx.c
A    ffmpeg-20071003/libavcodec/i386/idct_mmx.c
A    ffmpeg-20071003/libavcodec/i386/fft_3dn2.c
A    ffmpeg-20071003/libavcodec/i386/dsputil_mmx.c
A    ffmpeg-20071003/libavcodec/i386/vp3dsp_mmx.h
A    ffmpeg-20071003/libavcodec/i386/mmx.h
A    ffmpeg-20071003/libavcodec/i386/dsputil_mmx_avg.h
A    ffmpeg-20071003/libavcodec/i386/h264dsp_mmx.c
A    ffmpeg-20071003/libavcodec/i386/vp3dsp_sse2.c
A    ffmpeg-20071003/libavcodec/i386/dsputil_mmx_rnd.h
A    ffmpeg-20071003/libavcodec/i386/simple_idct_mmx.c
A    ffmpeg-20071003/libavcodec/i386/snowdsp_mmx.c
A    ffmpeg-20071003/libavcodec/i386/mathops.h
A    ffmpeg-20071003/libavcodec/i386/vp3dsp_sse2.h
A    ffmpeg-20071003/libavcodec/i386/fft_3dn.c
A    ffmpeg-20071003/libavcodec/i386/cavsdsp_mmx.c
A    ffmpeg-20071003/libavcodec/i386/cputest.c
A    ffmpeg-20071003/libavcodec/i386/fft_sse.c
A    ffmpeg-20071003/libavcodec/i386/dsputil_mmx_qns.h
A    ffmpeg-20071003/libavcodec/i386/mpegvideo_mmx_template.c
A    ffmpeg-20071003/libavcodec/resample.c
A    ffmpeg-20071003/libavcodec/dv.c
A    ffmpeg-20071003/libavcodec/pngenc.c
A    ffmpeg-20071003/libavcodec/idcinvideo.c
A    ffmpeg-20071003/libavcodec/rawenc.c
A    ffmpeg-20071003/libavcodec/dnxhddec.c
A    ffmpeg-20071003/libavcodec/h263data.h
A    ffmpeg-20071003/libavcodec/motion-test.c
A    ffmpeg-20071003/libavcodec/wma.c
A    ffmpeg-20071003/libavcodec/mdct.c
A    ffmpeg-20071003/libavcodec/rv10.c
A    ffmpeg-20071003/libavcodec/wma.h
A    ffmpeg-20071003/libavcodec/cavsdata.h
A    ffmpeg-20071003/libavcodec/qpeg.c
A    ffmpeg-20071003/libavcodec/pngdec.c
A    ffmpeg-20071003/libavcodec/mpegaudioenc.c
A    ffmpeg-20071003/libavcodec/vmnc.c
A    ffmpeg-20071003/libavcodec/mpegaudiodata.c
A    ffmpeg-20071003/libavcodec/xvmcvideo.c
A    ffmpeg-20071003/libavcodec/bethsoftvideo.c
A    ffmpeg-20071003/libavcodec/rawdec.c
A    ffmpeg-20071003/libavcodec/vc1_parser.c
A    ffmpeg-20071003/libavcodec/jfdctfst.c
A    ffmpeg-20071003/libavcodec/mpegaudiodata.h
A    ffmpeg-20071003/libavcodec/bethsoftvideo.h
A    ffmpeg-20071003/libavcodec/vp6data.h
A    ffmpeg-20071003/libavcodec/motion_est.c
A    ffmpeg-20071003/libavcodec/h264dspenc.c
A    ffmpeg-20071003/libavcodec/indeo3.c
A    ffmpeg-20071003/libavcodec/h263.c
A    ffmpeg-20071003/libavcodec/rle.c
A    ffmpeg-20071003/libavcodec/remove_extradata_bsf.c
A    ffmpeg-20071003/libavcodec/mpegaudiodec.c
A    ffmpeg-20071003/libavcodec/snow.c
A    ffmpeg-20071003/libavcodec/h263.h
A    ffmpeg-20071003/libavcodec/rle.h
A    ffmpeg-20071003/libavcodec/snow.h
A    ffmpeg-20071003/libavcodec/ac3tab.c
A    ffmpeg-20071003/libavcodec/kmvc.c
A    ffmpeg-20071003/libavcodec/ac3tab.h
A    ffmpeg-20071003/libavcodec/w32thread.c
A    ffmpeg-20071003/libavcodec/flicvideo.c
A    ffmpeg-20071003/libavcodec/zmbvenc.c
A    ffmpeg-20071003/libavcodec/mpegaudio.c
A    ffmpeg-20071003/libavcodec/asv1.c
A    ffmpeg-20071003/libavcodec/mjpeg_parser.c
A    ffmpeg-20071003/libavcodec/mpegaudio.h
A    ffmpeg-20071003/libavcodec/xvmc_render.h
A    ffmpeg-20071003/libavcodec/ulti_cb.h
A    ffmpeg-20071003/libavcodec/qtrle.c
A    ffmpeg-20071003/libavcodec/error_resilience.c
A    ffmpeg-20071003/libavcodec/h261_parser.c
A    ffmpeg-20071003/libavcodec/interplayvideo.c
A    ffmpeg-20071003/libavcodec/utils.c
A    ffmpeg-20071003/libavcodec/unary.h
A    ffmpeg-20071003/libavcodec/imcdata.h
A    ffmpeg-20071003/libavcodec/truespeech.c
A    ffmpeg-20071003/libavcodec/cavs_parser.c
A    ffmpeg-20071003/libavcodec/msmpeg4.c
A    ffmpeg-20071003/libavcodec/8bps.c
A    ffmpeg-20071003/libavcodec/golomb.c
A    ffmpeg-20071003/libavcodec/msmpeg4.h
A    ffmpeg-20071003/libavcodec/h264.c
A    ffmpeg-20071003/libavcodec/tiertexseqv.c
A    ffmpeg-20071003/libavcodec/png.c
A    ffmpeg-20071003/libavcodec/golomb.h
A    ffmpeg-20071003/libavcodec/apiexample.c
A    ffmpeg-20071003/libavcodec/h264.h
A    ffmpeg-20071003/libavcodec/png.h
A    ffmpeg-20071003/libavcodec/os2thread.c
A    ffmpeg-20071003/libavcodec/Makefile
A    ffmpeg-20071003/libavcodec/fft-test.c
A    ffmpeg-20071003/libavcodec/jrevdct.c
A    ffmpeg-20071003/libavcodec/mlib
A    ffmpeg-20071003/libavcodec/mlib/dsputil_mlib.c
A    ffmpeg-20071003/libavcodec/cavsdsp.c
A    ffmpeg-20071003/libavcodec/mpegvideo_enc.c
A    ffmpeg-20071003/libavcodec/mpegaudiotab.h
A    ffmpeg-20071003/libavcodec/mdec.c
A    ffmpeg-20071003/libavcodec/roqvideoenc.c
A    ffmpeg-20071003/libavcodec/h261data.h
A    ffmpeg-20071003/libavcodec/smc.c
A    ffmpeg-20071003/libavcodec/tiff.c
A    ffmpeg-20071003/libavcodec/raw.c
A    ffmpeg-20071003/libavcodec/flacenc.c
A    ffmpeg-20071003/libavcodec/ratecontrol.c
A    ffmpeg-20071003/libavcodec/parser.c
A    ffmpeg-20071003/libavcodec/mpegvideo_common.h
A    ffmpeg-20071003/libavcodec/dump_extradata_bsf.c
A    ffmpeg-20071003/libavcodec/tiff.h
A    ffmpeg-20071003/libavcodec/raw.h
A    ffmpeg-20071003/libavcodec/c93.c
A    ffmpeg-20071003/libavcodec/h263_parser.c
A    ffmpeg-20071003/libavcodec/colorspace.h
A    ffmpeg-20071003/libavcodec/vp56.c
A    ffmpeg-20071003/libavcodec/ratecontrol.h
A    ffmpeg-20071003/libavcodec/parser.h
A    ffmpeg-20071003/libavcodec/libxvid_internal.h
A    ffmpeg-20071003/libavcodec/audioconvert.c
A    ffmpeg-20071003/libavcodec/h263_parser.h
A    ffmpeg-20071003/libavcodec/bmpenc.c
A    ffmpeg-20071003/libavcodec/roqvideodec.c
A    ffmpeg-20071003/libavcodec/flac.c
A    ffmpeg-20071003/libavcodec/vp56.h
A    ffmpeg-20071003/libavcodec/noise_bsf.c
A    ffmpeg-20071003/libavcodec/sgienc.c
A    ffmpeg-20071003/libavcodec/cinepak.c
A    ffmpeg-20071003/libavcodec/dxa.c
A    ffmpeg-20071003/libavcodec/sh4
A    ffmpeg-20071003/libavcodec/sh4/dsputil_align.c
A    ffmpeg-20071003/libavcodec/sh4/idct_sh4.c
A    ffmpeg-20071003/libavcodec/sh4/qpel.c
A    ffmpeg-20071003/libavcodec/sh4/dsputil_sh4.c
A    ffmpeg-20071003/libavcodec/mpc.c
A    ffmpeg-20071003/libavcodec/msrle.c
A    ffmpeg-20071003/libavcodec/dpcm.c
A    ffmpeg-20071003/libavcodec/armv4l
A    ffmpeg-20071003/libavcodec/armv4l/mpegvideo_arm.c
A    ffmpeg-20071003/libavcodec/armv4l/simple_idct_armv5te.S
A    ffmpeg-20071003/libavcodec/armv4l/jrevdct_arm.S
A    ffmpeg-20071003/libavcodec/armv4l/mathops.h
A    ffmpeg-20071003/libavcodec/armv4l/dsputil_iwmmxt_rnd.h
A    ffmpeg-20071003/libavcodec/armv4l/mpegvideo_armv5te.c
A    ffmpeg-20071003/libavcodec/armv4l/dsputil_arm.c
A    ffmpeg-20071003/libavcodec/armv4l/mpegvideo_iwmmxt.c
A    ffmpeg-20071003/libavcodec/armv4l/dsputil_arm_s.S
A    ffmpeg-20071003/libavcodec/armv4l/simple_idct_armv6.S
A    ffmpeg-20071003/libavcodec/armv4l/dsputil_iwmmxt.c
A    ffmpeg-20071003/libavcodec/armv4l/simple_idct_arm.S
A    ffmpeg-20071003/libavcodec/dca.c
A    ffmpeg-20071003/libavcodec/mjpegenc.c
A    ffmpeg-20071003/libavcodec/ra144.c
A    ffmpeg-20071003/libavcodec/dca.h
A    ffmpeg-20071003/libavcodec/ws-snd1.c
A    ffmpeg-20071003/libavcodec/mjpegenc.h
A    ffmpeg-20071003/libavcodec/vorbis_data.c
A    ffmpeg-20071003/libavcodec/sgidec.c
A    ffmpeg-20071003/libavcodec/ra144.h
A    ffmpeg-20071003/libavcodec/mace.c
A    ffmpeg-20071003/libavcodec/aasc.c
A    ffmpeg-20071003/libavcodec/mpeg4data.h
A    ffmpeg-20071003/libavcodec/ulti.c
A    ffmpeg-20071003/libavcodec/vmdav.c
A    ffmpeg-20071003/libavcodec/mjpegdec.c
A    ffmpeg-20071003/libavcodec/indeo2data.h
A    ffmpeg-20071003/libavcodec/vp3dsp.c
A    ffmpeg-20071003/libavcodec/mjpegbdec.c
A    ffmpeg-20071003/libavcodec/h264data.h
A    ffmpeg-20071003/libavcodec/rl.h
A    ffmpeg-20071003/libavcodec/mjpegdec.h
A    ffmpeg-20071003/libavcodec/mpegvideo_parser.c
A    ffmpeg-20071003/libavcodec/bfin
A    ffmpeg-20071003/libavcodec/bfin/fdct_bfin.S
A    ffmpeg-20071003/libavcodec/bfin/mathops.h
A    ffmpeg-20071003/libavcodec/bfin/idct_bfin.S
A    ffmpeg-20071003/libavcodec/bfin/dsputil_bfin.c
A    ffmpeg-20071003/libavcodec/bfin/pixels_bfin.S
A    ffmpeg-20071003/libavcodec/bfin/dsputil_bfin.h
A    ffmpeg-20071003/libavcodec/bfin/config_bfin.h
A    ffmpeg-20071003/libavcodec/bfin/mpegvideo_bfin.c
A    ffmpeg-20071003/libavcodec/dvbsub_parser.c
A    ffmpeg-20071003/libavcodec/ffv1.c
A    ffmpeg-20071003/libavcodec/flashsv.c
A    ffmpeg-20071003/libavcodec/jpeglsenc.c
A    ffmpeg-20071003/libavcodec/zmbv.c
A    ffmpeg-20071003/libavcodec/mpegaudiodectab.h
A    ffmpeg-20071003/libavcodec/vc1data.c
A    ffmpeg-20071003/libavcodec/wmadata.h
A    ffmpeg-20071003/libavcodec/bytestream.h
A    ffmpeg-20071003/libavcodec/truemotion1data.h
A    ffmpeg-20071003/libavcodec/vc1data.h
A    ffmpeg-20071003/libavcodec/avs.c
A    ffmpeg-20071003/libavcodec/bitstream_filter.c
A    ffmpeg-20071003/libavcodec/jpeglsdec.c
A    ffmpeg-20071003/libavcodec/jpeglsdec.h
A    ffmpeg-20071003/libavcodec/libamr.c
A    ffmpeg-20071003/libavcodec/vp3.c
A    ffmpeg-20071003/libavcodec/ptx.c
A    ffmpeg-20071003/libavcodec/sonic.c
A    ffmpeg-20071003/libavcodec/mp3_header_compress_bsf.c
A    ffmpeg-20071003/libavcodec/lzw.c
A    ffmpeg-20071003/libavcodec/qtrleenc.c
A    ffmpeg-20071003/libavcodec/qdrw.c
A    ffmpeg-20071003/libavcodec/libgsm.c
A    ffmpeg-20071003/libavcodec/mpcdata.h
A    ffmpeg-20071003/libavcodec/mpegvideo.c
A    ffmpeg-20071003/libavcodec/svq1enc.c
A    ffmpeg-20071003/libavcodec/lzw.h
A    ffmpeg-20071003/libavcodec/shorten.c
A    ffmpeg-20071003/libavcodec/xl.c
A    ffmpeg-20071003/libavcodec/mpegvideo.h
A    ffmpeg-20071003/libavcodec/imx_dump_header_bsf.c
A    ffmpeg-20071003/libavcodec/targaenc.c
A    ffmpeg-20071003/libavcodec/dcadata.h
A    ffmpeg-20071003/libavcodec/truemotion1.c
A    ffmpeg-20071003/libavcodec/cabac.c
A    ffmpeg-20071003/libavcodec/mjpega_dump_header_bsf.c
A    ffmpeg-20071003/libavcodec/libx264.c
A    ffmpeg-20071003/libavcodec/mpeg12.c
A    ffmpeg-20071003/libavcodec/cabac.h
A    ffmpeg-20071003/libavcodec/h263dec.c
A    ffmpeg-20071003/libavcodec/mpeg12.h
A    ffmpeg-20071003/libavcodec/aac_parser.c
A    ffmpeg-20071003/libavcodec/ppc
A    ffmpeg-20071003/libavcodec/ppc/gcc_fixes.h
A    ffmpeg-20071003/libavcodec/ppc/dsputil_altivec.h
A    ffmpeg-20071003/libavcodec/ppc/int_altivec.c
A    ffmpeg-20071003/libavcodec/ppc/vc1dsp_altivec.c
A    ffmpeg-20071003/libavcodec/ppc/imgresample_altivec.c
A    ffmpeg-20071003/libavcodec/ppc/float_altivec.c
A    ffmpeg-20071003/libavcodec/ppc/gmc_altivec.c
A    ffmpeg-20071003/libavcodec/ppc/mathops.h
A    ffmpeg-20071003/libavcodec/ppc/types_altivec.h
A    ffmpeg-20071003/libavcodec/ppc/imgresample_altivec.h
A    ffmpeg-20071003/libavcodec/ppc/check_altivec.c
A    ffmpeg-20071003/libavcodec/ppc/h264_template_altivec.c
A    ffmpeg-20071003/libavcodec/ppc/fft_altivec.c
A    ffmpeg-20071003/libavcodec/ppc/dsputil_ppc.c
A    ffmpeg-20071003/libavcodec/ppc/mpegvideo_altivec.c
A    ffmpeg-20071003/libavcodec/ppc/fdct_altivec.c
A    ffmpeg-20071003/libavcodec/ppc/util_altivec.h
A    ffmpeg-20071003/libavcodec/ppc/idct_altivec.c
A    ffmpeg-20071003/libavcodec/ppc/h264_altivec.c
A    ffmpeg-20071003/libavcodec/ppc/dsputil_ppc.h
A    ffmpeg-20071003/libavcodec/ppc/dsputil_altivec.c
A    ffmpeg-20071003/libavcodec/ppc/snow_altivec.c
A    ffmpeg-20071003/libavcodec/svq1dec.c
A    ffmpeg-20071003/libavcodec/rpza.c
A    ffmpeg-20071003/libavcodec/mpeg4video_parser.c
A    ffmpeg-20071003/libavcodec/apedec.c
A    ffmpeg-20071003/libavcodec/mpeg4video_parser.h
A    ffmpeg-20071003/libavcodec/dct-test.c
A    ffmpeg-20071003/libavcodec/tta.c
A    ffmpeg-20071003/libavcodec/svq1.c
A    ffmpeg-20071003/libavcodec/cavs.c
A    ffmpeg-20071003/libavcodec/flashsvenc.c
A    ffmpeg-20071003/libavcodec/simple_idct.c
A    ffmpeg-20071003/libavcodec/svq1.h
A    ffmpeg-20071003/libavcodec/mmvideo.c
A    ffmpeg-20071003/libavcodec/cavs.h
A    ffmpeg-20071003/libavcodec/simple_idct.h
A    ffmpeg-20071003/libavcodec/msmpeg4data.c
A    ffmpeg-20071003/libavcodec/msmpeg4data.h
A    ffmpeg-20071003/libavcodec/fraps.c
A    ffmpeg-20071003/libavcodec/sp5xdec.c
A    ffmpeg-20071003/libavcodec/cscd.c
A    ffmpeg-20071003/libavcodec/atrac3data.h
A    ffmpeg-20071003/libavcodec/s3tc.c
A    ffmpeg-20071003/libavcodec/bmp.c
A    ffmpeg-20071003/libavcodec/mathops.h
A    ffmpeg-20071003/libavcodec/mpeg12enc.c
A    ffmpeg-20071003/libavcodec/s3tc.h
A    ffmpeg-20071003/libavcodec/ps2
A    ffmpeg-20071003/libavcodec/ps2/mpegvideo_mmi.c
A    ffmpeg-20071003/libavcodec/ps2/idct_mmi.c
A    ffmpeg-20071003/libavcodec/ps2/dsputil_mmi.c
A    ffmpeg-20071003/libavcodec/ps2/mmi.h
A    ffmpeg-20071003/libavcodec/bmp.h
A    ffmpeg-20071003/libavcodec/jpegls.c
A    ffmpeg-20071003/libavcodec/dsputil.c
A    ffmpeg-20071003/libavcodec/g726.c
A    ffmpeg-20071003/libavcodec/xan.c
A    ffmpeg-20071003/libavcodec/eval.c
A    ffmpeg-20071003/libavcodec/truemotion2.c
A    ffmpeg-20071003/libavcodec/jpegls.h
A    ffmpeg-20071003/libavcodec/allcodecs.c
A    ffmpeg-20071003/libavcodec/dsputil.h
A    ffmpeg-20071003/libavcodec/rtjpeg.c
A    ffmpeg-20071003/libavcodec/wmv2.c
A    ffmpeg-20071003/libavcodec/eval.h
A    ffmpeg-20071003/libavcodec/vc1acdata.h
A    ffmpeg-20071003/libavcodec/xsubdec.c
A    ffmpeg-20071003/libavcodec/dnxhddata.c
A    ffmpeg-20071003/libavcodec/lclenc.c
A    ffmpeg-20071003/libavcodec/rtjpeg.h
A    ffmpeg-20071003/libavcodec/dnxhddata.h
A    ffmpeg-20071003/libavcodec/imgresample.c
A    ffmpeg-20071003/libavcodec/truespeech_data.h
A    ffmpeg-20071003/libavcodec/pnm_parser.c
A    ffmpeg-20071003/libavcodec/dvdata.h
A    ffmpeg-20071003/libavcodec/xiph.c
A    ffmpeg-20071003/libavcodec/rangecoder.c
A    ffmpeg-20071003/libavcodec/elbg.c
A    ffmpeg-20071003/libavcodec/vp5data.h
A    ffmpeg-20071003/libavcodec/motion_est_template.c
A    ffmpeg-20071003/libavcodec/adx.c
A    ffmpeg-20071003/libavcodec/imgconvert_template.h
A    ffmpeg-20071003/libavcodec/xiph.h
A    ffmpeg-20071003/libavcodec/rangecoder.h
A    ffmpeg-20071003/libavcodec/elbg.h
A    ffmpeg-20071003/libavcodec/ac3_parser.c
A    ffmpeg-20071003/libavcodec/mpeg12data.c
A    ffmpeg-20071003/libavcodec/libmp3lame.c
A    ffmpeg-20071003/libavcodec/lcldec.c
A    ffmpeg-20071003/libavcodec/ac3_parser.h
A    ffmpeg-20071003/libavcodec/roqvideo.c
A    ffmpeg-20071003/libavcodec/mpeg12data.h
A    ffmpeg-20071003/libavcodec/vp56data.c
A    ffmpeg-20071003/libavcodec/roqvideo.h
A    ffmpeg-20071003/libavcodec/txd.c
A    ffmpeg-20071003/libavcodec/vp56data.h
A    ffmpeg-20071003/libavcodec/alac.c
A    ffmpeg-20071003/libavcodec/faandct.c
A    ffmpeg-20071003/libavcodec/dca_parser.c
A    ffmpeg-20071003/libavcodec/sp5x.h
A    ffmpeg-20071003/libavcodec/faandct.h
A    ffmpeg-20071003/libavcodec/ac3.c
A    ffmpeg-20071003/libavcodec/4xm.c
A    ffmpeg-20071003/libavcodec/imc.c
A    ffmpeg-20071003/libavcodec/avcodec.h
A    ffmpeg-20071003/libavcodec/vp5.c
A    ffmpeg-20071003/libavcodec/ac3.h
A    ffmpeg-20071003/libavcodec/imgconvert.c
A    ffmpeg-20071003/libavcodec/liba52.c
A    ffmpeg-20071003/libavcodec/lcl.h
A    ffmpeg-20071003/libavcodec/indeo3data.h
A    ffmpeg-20071003/libavcodec/ljpegenc.c
A    ffmpeg-20071003/libavcodec/vc1.c
A    ffmpeg-20071003/libavcodec/vorbis_enc.c
A    ffmpeg-20071003/libavcodec/bitstream.c
A    ffmpeg-20071003/libavcodec/cook.c
A    ffmpeg-20071003/libavcodec/wnv1.c
A    ffmpeg-20071003/libavcodec/vc1.h
A    ffmpeg-20071003/libavcodec/mpegaudiodecheader.c
A    ffmpeg-20071003/libavcodec/libtheoraenc.c
A    ffmpeg-20071003/libavcodec/bitstream.h
A    ffmpeg-20071003/libavcodec/dsicinav.c
A    ffmpeg-20071003/libavcodec/lzwenc.c
A    ffmpeg-20071003/libavcodec/qdm2.c
A    ffmpeg-20071003/libavcodec/svq1_cb.h
A    ffmpeg-20071003/libavcodec/mpegaudiodecheader.h
A    ffmpeg-20071003/libavcodec/vorbis.c
A    ffmpeg-20071003/libavcodec/dcahuff.h
A    ffmpeg-20071003/libavcodec/h264enc.c
A    ffmpeg-20071003/libavcodec/vorbis.h
A    ffmpeg-20071003/libavcodec/wmaenc.c
A    ffmpeg-20071003/libavcodec/fdctref.c
A    ffmpeg-20071003/libavcodec/tiffenc.c
A    ffmpeg-20071003/libavcodec/fft.c
A    ffmpeg-20071003/libavcodec/vorbis_dec.c
A    ffmpeg-20071003/libavcodec/h261.c
A    ffmpeg-20071003/libavcodec/libfaac.c
A    ffmpeg-20071003/libavcodec/h261.h
A    ffmpeg-20071003/libavcodec/mpegaudio_parser.c
A    ffmpeg-20071003/libavcodec/cyuv.c
A    ffmpeg-20071003/libavcodec/pthread.c
A    ffmpeg-20071003/libavcodec/svq1enc_cb.h
A    ffmpeg-20071003/libavcodec/loco.c
A    ffmpeg-20071003/libavcodec/huffyuv.c
A    ffmpeg-20071003/libavcodec/svq3.c
A    ffmpeg-20071003/libavcodec/tscc.c
A    ffmpeg-20071003/libavcodec/targa.c
A    ffmpeg-20071003/libavcodec/h264_parser.c
A    ffmpeg-20071003/libavcodec/vc1dsp.c
A    ffmpeg-20071003/libavcodec/wmadec.c
A    ffmpeg-20071003/libavcodec/ra288.c
A    ffmpeg-20071003/libavcodec/h264_parser.h
A    ffmpeg-20071003/libavcodec/jfdctint.c
A    ffmpeg-20071003/libavcodec/gif.c
A    ffmpeg-20071003/libavcodec/mpeg12decdata.h
A    ffmpeg-20071003/libavcodec/h261enc.c
A    ffmpeg-20071003/libavcodec/ra288.h
A    ffmpeg-20071003/libavcodec/vp6.c
A    ffmpeg-20071003/libavcodec/dvdsubenc.c
A    ffmpeg-20071003/libavcodec/pcm.c
A    ffmpeg-20071003/libavcodec/pnmenc.c
A    ffmpeg-20071003/libavcodec/beosthread.c
A    ffmpeg-20071003/libavcodec/gifdec.c
A    ffmpeg-20071003/libavcodec/adpcm.c
A    ffmpeg-20071003/libavcodec/mp3_header_decompress_bsf.c
A    ffmpeg-20071003/libavcodec/libxvid_rc.c
A    ffmpeg-20071003/libavcodec/dvbsub.c
A    ffmpeg-20071003/libavcodec/msvideo1.c
A    ffmpeg-20071003/libavcodec/h264idct.c
A    ffmpeg-20071003/libavcodec/sgi.h
A    ffmpeg-20071003/libavcodec/vorbis_enc_data.h
A    ffmpeg-20071003/libavcodec/resample2.c
A    ffmpeg-20071003/libavcodec/ac3enc.c
A    ffmpeg-20071003/libavcodec/h261dec.c
A    ffmpeg-20071003/libavcodec/h264_mp4toannexb_bsf.c
A    ffmpeg-20071003/libavcodec/wavpack.c
A    ffmpeg-20071003/libavutil
A    ffmpeg-20071003/libavutil/mathematics.c
A    ffmpeg-20071003/libavutil/adler32.h
A    ffmpeg-20071003/libavutil/sha1.h
A    ffmpeg-20071003/libavutil/x86_cpu.h
A    ffmpeg-20071003/libavutil/integer.h
A    ffmpeg-20071003/libavutil/avstring.h
A    ffmpeg-20071003/libavutil/mathematics.h
A    ffmpeg-20071003/libavutil/string.c
A    ffmpeg-20071003/libavutil/crc.c
A    ffmpeg-20071003/libavutil/avutil.h
A    ffmpeg-20071003/libavutil/crc.h
A    ffmpeg-20071003/libavutil/md5.c
A    ffmpeg-20071003/libavutil/intfloat_readwrite.c
A    ffmpeg-20071003/libavutil/md5.h
A    ffmpeg-20071003/libavutil/lls.c
A    ffmpeg-20071003/libavutil/intfloat_readwrite.h
A    ffmpeg-20071003/libavutil/Makefile
A    ffmpeg-20071003/libavutil/lls.h
A    ffmpeg-20071003/libavutil/tree.c
A    ffmpeg-20071003/libavutil/softfloat.c
A    ffmpeg-20071003/libavutil/lzo.c
A    ffmpeg-20071003/libavutil/tree.h
A    ffmpeg-20071003/libavutil/intreadwrite.h
A    ffmpeg-20071003/libavutil/softfloat.h
A    ffmpeg-20071003/libavutil/aes.c
A    ffmpeg-20071003/libavutil/lzo.h
A    ffmpeg-20071003/libavutil/rational.c
A    ffmpeg-20071003/libavutil/aes.h
A    ffmpeg-20071003/libavutil/mem.c
A    ffmpeg-20071003/libavutil/rational.h
A    ffmpeg-20071003/libavutil/random.c
A    ffmpeg-20071003/libavutil/log.c
A    ffmpeg-20071003/libavutil/internal.h
A    ffmpeg-20071003/libavutil/bswap.h
A    ffmpeg-20071003/libavutil/fifo.c
A    ffmpeg-20071003/libavutil/mem.h
A    ffmpeg-20071003/libavutil/base64.c
A    ffmpeg-20071003/libavutil/random.h
A    ffmpeg-20071003/libavutil/log.h
A    ffmpeg-20071003/libavutil/fifo.h
A    ffmpeg-20071003/libavutil/base64.h
A    ffmpeg-20071003/libavutil/adler32.c
A    ffmpeg-20071003/libavutil/sha1.c
A    ffmpeg-20071003/libavutil/common.h
A    ffmpeg-20071003/libavutil/integer.c
A    ffmpeg-20071003/output_example.c
A    ffmpeg-20071003/README
A    ffmpeg-20071003/CREDITS
A    ffmpeg-20071003/version.sh
A    ffmpeg-20071003/common.mak
A    ffmpeg-20071003/libpostproc
A    ffmpeg-20071003/libpostproc/postprocess_template.c
A    ffmpeg-20071003/libpostproc/postprocess.c
A    ffmpeg-20071003/libpostproc/postprocess_internal.h
A    ffmpeg-20071003/libpostproc/postprocess_altivec_template.c
A    ffmpeg-20071003/libpostproc/postprocess.h
A    ffmpeg-20071003/libpostproc/Makefile
A    ffmpeg-20071003/tools
A    ffmpeg-20071003/tools/cws2fws.c
A    ffmpeg-20071003/tools/unwrap-diff
A    ffmpeg-20071003/tools/build_avopt
A    ffmpeg-20071003/tools/clean-diff
A    ffmpeg-20071003/tools/pktdumper.c
A    ffmpeg-20071003/tools/qt-faststart.c
A    ffmpeg-20071003/ffplay.c
A    ffmpeg-20071003/tests
A    ffmpeg-20071003/tests/seek_test.sh
A    ffmpeg-20071003/tests/seek.regression.ref
A    ffmpeg-20071003/tests/videogen.c
A    ffmpeg-20071003/tests/rotozoom.regression.ref
A    ffmpeg-20071003/tests/test.conf
A    ffmpeg-20071003/tests/tiny_psnr.c
A    ffmpeg-20071003/tests/libav.regression.ref
A    ffmpeg-20071003/tests/seek_test.c
A    ffmpeg-20071003/tests/lena.pnm
A    ffmpeg-20071003/tests/regression.sh
A    ffmpeg-20071003/tests/rotozoom.c
A    ffmpeg-20071003/tests/audiogen.c
A    ffmpeg-20071003/tests/ffserver.regression.ref
A    ffmpeg-20071003/tests/server-regression.sh
A    ffmpeg-20071003/tests/ffmpeg.regression.ref
A    ffmpeg-20071003/ffserver.c
A    ffmpeg-20071003/doc
A    ffmpeg-20071003/doc/faq.texi
A    ffmpeg-20071003/doc/ffmpeg-doc.texi
A    ffmpeg-20071003/doc/issue_tracker.txt
A    ffmpeg-20071003/doc/avutil.txt
A    ffmpeg-20071003/doc/soc.txt
A    ffmpeg-20071003/doc/optimization.txt
A    ffmpeg-20071003/doc/snow.txt
A    ffmpeg-20071003/doc/TODO
A    ffmpeg-20071003/doc/general.texi
A    ffmpeg-20071003/doc/ffserver.conf
A    ffmpeg-20071003/doc/texi2pod.pl
A    ffmpeg-20071003/doc/ffmpeg_powerpc_performance_evaluation_howto.txt
A    ffmpeg-20071003/doc/hooks.texi
A    ffmpeg-20071003/doc/ffplay-doc.texi
A    ffmpeg-20071003/doc/ffserver-doc.texi
A    ffmpeg-20071003/cmdutils.c
A    ffmpeg-20071003/COPYING.LGPL
A    ffmpeg-20071003/INSTALL
A    ffmpeg-20071003/libavformat
A    ffmpeg-20071003/libavformat/img2.c
A    ffmpeg-20071003/libavformat/isom.c
A    ffmpeg-20071003/libavformat/matroskaenc.c
A    ffmpeg-20071003/libavformat/nuv.c
A    ffmpeg-20071003/libavformat/ffm.c
A    ffmpeg-20071003/libavformat/ipmovie.c
A    ffmpeg-20071003/libavformat/isom.h
A    ffmpeg-20071003/libavformat/adtsenc.c
A    ffmpeg-20071003/libavformat/electronicarts.c
A    ffmpeg-20071003/libavformat/mpjpeg.c
A    ffmpeg-20071003/libavformat/smacker.c
A    ffmpeg-20071003/libavformat/rtpproto.c
A    ffmpeg-20071003/libavformat/avs.c
A    ffmpeg-20071003/libavformat/oggparsevorbis.c
A    ffmpeg-20071003/libavformat/oggparseflac.c
A    ffmpeg-20071003/libavformat/matroskadec.c
A    ffmpeg-20071003/libavformat/network.h
A    ffmpeg-20071003/libavformat/mpegts.c
A    ffmpeg-20071003/libavformat/mpegts.h
A    ffmpeg-20071003/libavformat/rtp.c
A    ffmpeg-20071003/libavformat/avisynth.c
A    ffmpeg-20071003/libavformat/mtv.c
A    ffmpeg-20071003/libavformat/dv.c
A    ffmpeg-20071003/libavformat/rtp.h
A    ffmpeg-20071003/libavformat/gxfenc.c
A    ffmpeg-20071003/libavformat/dv.h
A    ffmpeg-20071003/libavformat/rm.h
A    ffmpeg-20071003/libavformat/rtp_mpv.c
A    ffmpeg-20071003/libavformat/rtp_mpv.h
A    ffmpeg-20071003/libavformat/libnut.c
A    ffmpeg-20071003/libavformat/swf.c
A    ffmpeg-20071003/libavformat/mov.c
A    ffmpeg-20071003/libavformat/avienc.c
A    ffmpeg-20071003/libavformat/ape.c
A    ffmpeg-20071003/libavformat/mm.c
A    ffmpeg-20071003/libavformat/oggparsetheora.c
A    ffmpeg-20071003/libavformat/oggparseogm.c
A    ffmpeg-20071003/libavformat/flvenc.c
A    ffmpeg-20071003/libavformat/bethsoftvid.c
A    ffmpeg-20071003/libavformat/v4l2.c
A    ffmpeg-20071003/libavformat/tta.c
A    ffmpeg-20071003/libavformat/avidec.c
A    ffmpeg-20071003/libavformat/wv.c
A    ffmpeg-20071003/libavformat/audio.c
A    ffmpeg-20071003/libavformat/flvdec.c
A    ffmpeg-20071003/libavformat/rtp_internal.h
A    ffmpeg-20071003/libavformat/rtspcodes.h
A    ffmpeg-20071003/libavformat/ogg.c
A    ffmpeg-20071003/libavformat/mmf.c
A    ffmpeg-20071003/libavformat/amr.c
A    ffmpeg-20071003/libavformat/avformat.h
A    ffmpeg-20071003/libavformat/riff.c
A    ffmpeg-20071003/libavformat/rtsp.c
A    ffmpeg-20071003/libavformat/dv1394.c
A    ffmpeg-20071003/libavformat/riff.h
A    ffmpeg-20071003/libavformat/rtsp.h
A    ffmpeg-20071003/libavformat/libdc1394.c
A    ffmpeg-20071003/libavformat/dv1394.h
A    ffmpeg-20071003/libavformat/utils.c
A    ffmpeg-20071003/libavformat/cutils.c
A    ffmpeg-20071003/libavformat/rmenc.c
A    ffmpeg-20071003/libavformat/nut.c
A    ffmpeg-20071003/libavformat/crc.c
A    ffmpeg-20071003/libavformat/dsicin.c
A    ffmpeg-20071003/libavformat/nut.h
A    ffmpeg-20071003/libavformat/os_support.c
A    ffmpeg-20071003/libavformat/idroq.c
A    ffmpeg-20071003/libavformat/http.c
A    ffmpeg-20071003/libavformat/matroska.c
A    ffmpeg-20071003/libavformat/os_support.h
A    ffmpeg-20071003/libavformat/avi.h
A    ffmpeg-20071003/libavformat/gxf.c
A    ffmpeg-20071003/libavformat/sdp.c
A    ffmpeg-20071003/libavformat/matroska.h
A    ffmpeg-20071003/libavformat/udp.c
A    ffmpeg-20071003/libavformat/gxf.h
A    ffmpeg-20071003/libavformat/rmdec.c
A    ffmpeg-20071003/libavformat/mxf.c
A    ffmpeg-20071003/libavformat/thp.c
A    ffmpeg-20071003/libavformat/Makefile
A    ffmpeg-20071003/libavformat/flv.h
A    ffmpeg-20071003/libavformat/txd.c
A    ffmpeg-20071003/libavformat/mp3.c
A    ffmpeg-20071003/libavformat/dvenc.c
A    ffmpeg-20071003/libavformat/x11grab.c
A    ffmpeg-20071003/libavformat/qtpalette.h
A    ffmpeg-20071003/libavformat/4xm.c
A    ffmpeg-20071003/libavformat/rtp_aac.c
A    ffmpeg-20071003/libavformat/asf.c
A    ffmpeg-20071003/libavformat/beosaudio.cpp
A    ffmpeg-20071003/libavformat/asf-enc.c
A    ffmpeg-20071003/libavformat/vocenc.c
A    ffmpeg-20071003/libavformat/rtp_aac.h
A    ffmpeg-20071003/libavformat/asf.h
A    ffmpeg-20071003/libavformat/yuv4mpeg.c
A    ffmpeg-20071003/libavformat/nsvdec.c
A    ffmpeg-20071003/libavformat/tcp.c
A    ffmpeg-20071003/libavformat/movenc.c
A    ffmpeg-20071003/libavformat/mpeg.c
A    ffmpeg-20071003/libavformat/raw.c
A    ffmpeg-20071003/libavformat/sierravmd.c
A    ffmpeg-20071003/libavformat/wc3movie.c
A    ffmpeg-20071003/libavformat/sol.c
A    ffmpeg-20071003/libavformat/mpeg.h
A    ffmpeg-20071003/libavformat/raw.h
A    ffmpeg-20071003/libavformat/ogg2.c
A    ffmpeg-20071003/libavformat/c93.c
A    ffmpeg-20071003/libavformat/avio.c
A    ffmpeg-20071003/libavformat/bktr.c
A    ffmpeg-20071003/libavformat/psxstr.c
A    ffmpeg-20071003/libavformat/ogg2.h
A    ffmpeg-20071003/libavformat/avio.h
A    ffmpeg-20071003/libavformat/apc.c
A    ffmpeg-20071003/libavformat/vocdec.c
A    ffmpeg-20071003/libavformat/aiff.c
A    ffmpeg-20071003/libavformat/au.c
A    ffmpeg-20071003/libavformat/rtp_h264.c
A    ffmpeg-20071003/libavformat/framehook.c
A    ffmpeg-20071003/libavformat/westwood.c
A    ffmpeg-20071003/libavformat/dxa.c
A    ffmpeg-20071003/libavformat/rtp_h264.h
A    ffmpeg-20071003/libavformat/daud.c
A    ffmpeg-20071003/libavformat/flic.c
A    ffmpeg-20071003/libavformat/mpegenc.c
A    ffmpeg-20071003/libavformat/mpc.c
A    ffmpeg-20071003/libavformat/framehook.h
A    ffmpeg-20071003/libavformat/mpegtsenc.c
A    ffmpeg-20071003/libavformat/segafilm.c
A    ffmpeg-20071003/libavformat/nutenc.c
A    ffmpeg-20071003/libavformat/tiertexseq.c
A    ffmpeg-20071003/libavformat/allformats.c
A    ffmpeg-20071003/libavformat/gif.c
A    ffmpeg-20071003/libavformat/v4l.c
A    ffmpeg-20071003/libavformat/file.c
A    ffmpeg-20071003/libavformat/gifdec.c
A    ffmpeg-20071003/libavformat/nutdec.c
A    ffmpeg-20071003/libavformat/idcin.c
A    ffmpeg-20071003/libavformat/voc.c
A    ffmpeg-20071003/libavformat/aviobuf.c
A    ffmpeg-20071003/libavformat/voc.h
A    ffmpeg-20071003/libavformat/wav.c
A    ffmpeg-20071003/ffserver.h
A    ffmpeg-20071003/ffinstall.nsi
A    ffmpeg-20071003/cmdutils.h
A    ffmpeg-20071003/MAINTAINERS
A    ffmpeg-20071003/Makefile
 U   ffmpeg-20071003

Fetching external item into 'ffmpeg-20071003/libswscale'
A    ffmpeg-20071003/libswscale/yuv2rgb_bfin.c
A    ffmpeg-20071003/libswscale/swscale_bfin.c
A    ffmpeg-20071003/libswscale/yuv2rgb.c
A    ffmpeg-20071003/libswscale/swscale.c
A    ffmpeg-20071003/libswscale/swscale_internal.h
A    ffmpeg-20071003/libswscale/swscale_altivec_template.c
A    ffmpeg-20071003/libswscale/yuv2rgb_mlib.c
A    ffmpeg-20071003/libswscale/cs_test.c
A    ffmpeg-20071003/libswscale/swscale.h
A    ffmpeg-20071003/libswscale/yuv2rgb_altivec.c
A    ffmpeg-20071003/libswscale/yuv2rgb_vis.c
A    ffmpeg-20071003/libswscale/rgb2rgb_template.c
A    ffmpeg-20071003/libswscale/rgb2rgb.c
A    ffmpeg-20071003/libswscale/swscale-example.c
A    ffmpeg-20071003/libswscale/internal_bfin.S
A    ffmpeg-20071003/libswscale/yuv2rgb_template.c
A    ffmpeg-20071003/libswscale/swscale_template.c
A    ffmpeg-20071003/libswscale/rgb2rgb.h
A    ffmpeg-20071003/libswscale/Makefile
 U   ffmpeg-20071003/libswscale
Checked out external at revision 24693.

Checked out revision 10652.
